<?xml version="1.0" encoding="UTF-8"?>
<testng-results ignored="0" total="1" passed="1" failed="0" skipped="0">
  <reporter-output>
  </reporter-output>
  <suite started-at="2021-06-26T18:10:14 ICT" name="Default suite" finished-at="2021-06-26T18:10:27 ICT" duration-ms="12612">
    <groups>
    </groups>
    <test started-at="2021-06-26T18:10:14 ICT" name="Default test" finished-at="2021-06-26T18:10:27 ICT" duration-ms="12612">
      <class name="bukaLapakSearch.SearchFunction">
        <test-method is-config="true" signature="openURL()[pri:0, instance:bukaLapakSearch.SearchFunction@140c9f39]" started-at="2021-06-26T18:10:14 ICT" name="openURL" finished-at="2021-06-26T18:10:21 ICT" duration-ms="6855" status="PASS">
          <reporter-output>
          </reporter-output>
        </test-method> <!-- openURL -->
        <test-method signature="performSearch()[pri:0, instance:bukaLapakSearch.SearchFunction@140c9f39]" started-at="2021-06-26T18:10:21 ICT" name="performSearch" finished-at="2021-06-26T18:10:26 ICT" duration-ms="4574" status="PASS">
          <reporter-output>
          </reporter-output>
        </test-method> <!-- performSearch -->
        <test-method is-config="true" signature="tearDown()[pri:0, instance:bukaLapakSearch.SearchFunction@140c9f39]" started-at="2021-06-26T18:10:26 ICT" name="tearDown" finished-at="2021-06-26T18:10:27 ICT" duration-ms="1100" status="PASS">
          <reporter-output>
          </reporter-output>
        </test-method> <!-- tearDown -->
      </class> <!-- bukaLapakSearch.SearchFunction -->
    </test> <!-- Default test -->
  </suite> <!-- Default suite -->
</testng-results>
