<?xml version="1.0" encoding="UTF-8"?>
<!-- Generated by org.testng.reporters.JUnitXMLReporter -->
<testsuite ignored="0" hostname="DESKTOP-64G4GPP" failures="1" tests="1" name="Default test" time="4.125" errors="0" timestamp="2021-06-26T18:24:44 ICT">
  <testcase classname="validateJsonSchema.ValidateJsonSchema" name="validateJsonSchema" time="4.071">
    <failure type="java.lang.AssertionError" message="1 expectation failed.
Response body doesn&amp;apos;t match expectation.
Expected: The content to match the given JSON schema.
error: instance type (string) does not match any allowed primitive type (allowed: [&amp;quot;integer&amp;quot;])
    level: &amp;quot;error&amp;quot;
    schema: {&amp;quot;loadingURI&amp;quot;:&amp;quot;#&amp;quot;,&amp;quot;pointer&amp;quot;:&amp;quot;/items/99/properties/body&amp;quot;}
    instance: {&amp;quot;pointer&amp;quot;:&amp;quot;/99/body&amp;quot;}
    domain: &amp;quot;validation&amp;quot;
    keyword: &amp;quot;type&amp;quot;
    found: &amp;quot;string&amp;quot;
    expected: [&amp;quot;integer&amp;quot;]

  Actual: [
  {
    &amp;quot;userId&amp;quot;: 1,
    &amp;quot;id&amp;quot;: 1,
    &amp;quot;title&amp;quot;: &amp;quot;sunt aut facere repellat provident occaecati excepturi optio reprehenderit&amp;quot;,
    &amp;quot;body&amp;quot;: &amp;quot;quia et suscipit\nsuscipit recusandae consequuntur expedita et cum\nreprehenderit molestiae ut ut quas totam\nnostrum rerum est autem sunt rem eveniet architecto&amp;quot;
  },
  {
    &amp;quot;userId&amp;quot;: 1,
    &amp;quot;id&amp;quot;: 2,
    &amp;quot;title&amp;quot;: &amp;quot;qui est esse&amp;quot;,
    &amp;quot;body&amp;quot;: &amp;quot;est rerum tempore vitae\nsequi sint nihil reprehenderit dolor beatae ea dolores neque\nfugiat blanditiis voluptate porro vel nihil molestiae ut reiciendis\nqui aperiam non debitis possimus qui neque nisi nulla&amp;quot;
  },
  {
    &amp;quot;userId&amp;quot;: 1,
    &amp;quot;id&amp;quot;: 3,
    &amp;quot;title&amp;quot;: &amp;quot;ea molestias quasi exercitationem repellat qui ipsa sit aut&amp;quot;,
    &amp;quot;body&amp;quot;: &amp;quot;et iusto sed quo iure\nvoluptatem occaecati omnis eligendi aut ad\nvoluptatem doloribus vel accusantium quis pariatur\nmolestiae porro eius odio et labore et velit aut&amp;quot;
  },
  {
    &amp;quot;userId&amp;quot;: 1,
    &amp;quot;id&amp;quot;: 4,
    &amp;quot;title&amp;quot;: &amp;quot;eum et est occaecati&amp;quot;,
    &amp;quot;body&amp;quot;: &amp;quot;ullam et saepe reiciendis voluptatem adipisci\nsit amet autem assumenda provident rerum culpa\nquis hic commodi nesciunt rem tenetur doloremque ipsam iure\nquis sunt voluptatem rerum illo velit&amp;quot;
  },
  {
    &amp;quot;userId&amp;quot;: 1,
    &amp;quot;id&amp;quot;: 5,
    &amp;quot;title&amp;quot;: &amp;quot;nesciunt quas odio&amp;quot;,
    &amp;quot;body&amp;quot;: &amp;quot;repudiandae veniam quaerat sunt sed\nalias aut fugiat sit autem sed est\nvoluptatem omnis possimus esse voluptatibus quis\nest aut tenetur dolor neque&amp;quot;
  },
  {
    &amp;quot;userId&amp;quot;: 1,
    &amp;quot;id&amp;quot;: 6,
    &amp;quot;title&amp;quot;: &amp;quot;dolorem eum magni eos aperiam quia&amp;quot;,
    &amp;quot;body&amp;quot;: &amp;quot;ut aspernatur corporis harum nihil quis provident sequi\nmollitia nobis aliquid molestiae\nperspiciatis et ea nemo ab reprehenderit accusantium quas\nvoluptate dolores velit et doloremque molestiae&amp;quot;
  },
  {
    &amp;quot;userId&amp;quot;: 1,
    &amp;quot;id&amp;quot;: 7,
    &amp;quot;title&amp;quot;: &amp;quot;magnam facilis autem&amp;quot;,
    &amp;quot;body&amp;quot;: &amp;quot;dolore placeat quibusdam ea quo vitae\nmagni quis enim qui quis quo nemo aut saepe\nquidem repellat excepturi ut quia\nsunt ut sequi eos ea sed quas&amp;quot;
  },
  {
    &amp;quot;userId&amp;quot;: 1,
    &amp;quot;id&amp;quot;: 8,
    &amp;quot;title&amp;quot;: &amp;quot;dolorem dolore est ipsam&amp;quot;,
    &amp;quot;body&amp;quot;: &amp;quot;dignissimos aperiam dolorem qui eum\nfacilis quibusdam animi sint suscipit qui sint possimus cum\nquaerat magni maiores excepturi\nipsam ut commodi dolor voluptatum modi aut vitae&amp;quot;
  },
  {
    &amp;quot;userId&amp;quot;: 1,
    &amp;quot;id&amp;quot;: 9,
    &amp;quot;title&amp;quot;: &amp;quot;nesciunt iure omnis dolorem tempora et accusantium&amp;quot;,
    &amp;quot;body&amp;quot;: &amp;quot;consectetur animi nesciunt iure dolore\nenim quia ad\nveniam autem ut quam aut nobis\net est aut quod aut provident voluptas autem voluptas&amp;quot;
  },
  {
    &amp;quot;userId&amp;quot;: 1,
    &amp;quot;id&amp;quot;: 10,
    &amp;quot;title&amp;quot;: &amp;quot;optio molestias id quia eum&amp;quot;,
    &amp;quot;body&amp;quot;: &amp;quot;quo et expedita modi cum officia vel magni\ndoloribus qui repudiandae\nvero nisi sit\nquos veniam quod sed accusamus veritatis error&amp;quot;
  },
  {
    &amp;quot;userId&amp;quot;: 2,
    &amp;quot;id&amp;quot;: 11,
    &amp;quot;title&amp;quot;: &amp;quot;et ea vero quia laudantium autem&amp;quot;,
    &amp;quot;body&amp;quot;: &amp;quot;delectus reiciendis molestiae occaecati non minima eveniet qui voluptatibus\naccusamus in eum beatae sit\nvel qui neque voluptates ut commodi qui incidunt\nut animi commodi&amp;quot;
  },
  {
    &amp;quot;userId&amp;quot;: 2,
    &amp;quot;id&amp;quot;: 12,
    &amp;quot;title&amp;quot;: &amp;quot;in quibusdam tempore odit est dolorem&amp;quot;,
    &amp;quot;body&amp;quot;: &amp;quot;itaque id aut magnam\npraesentium quia et ea odit et ea voluptas et\nsapiente quia nihil amet occaecati quia id voluptatem\nincidunt ea est distinctio odio&amp;quot;
  },
  {
    &amp;quot;userId&amp;quot;: 2,
    &amp;quot;id&amp;quot;: 13,
    &amp;quot;title&amp;quot;: &amp;quot;dolorum ut in voluptas mollitia et saepe quo animi&amp;quot;,
    &amp;quot;body&amp;quot;: &amp;quot;aut dicta possimus sint mollitia voluptas commodi quo doloremque\niste corrupti reiciendis voluptatem eius rerum\nsit cumque quod eligendi laborum minima\nperferendis recusandae assumenda consectetur porro architecto ipsum ipsam&amp;quot;
  },
  {
    &amp;quot;userId&amp;quot;: 2,
    &amp;quot;id&amp;quot;: 14,
    &amp;quot;title&amp;quot;: &amp;quot;voluptatem eligendi optio&amp;quot;,
    &amp;quot;body&amp;quot;: &amp;quot;fuga et accusamus dolorum perferendis illo voluptas\nnon doloremque neque facere\nad qui dolorum molestiae beatae\nsed aut voluptas totam sit illum&amp;quot;
  },
  {
    &amp;quot;userId&amp;quot;: 2,
    &amp;quot;id&amp;quot;: 15,
    &amp;quot;title&amp;quot;: &amp;quot;eveniet quod temporibus&amp;quot;,
    &amp;quot;body&amp;quot;: &amp;quot;reprehenderit quos placeat\nvelit minima officia dolores impedit repudiandae molestiae nam\nvoluptas recusandae quis delectus\nofficiis harum fugiat vitae&amp;quot;
  },
  {
    &amp;quot;userId&amp;quot;: 2,
    &amp;quot;id&amp;quot;: 16,
    &amp;quot;title&amp;quot;: &amp;quot;sint suscipit perspiciatis velit dolorum rerum ipsa laboriosam odio&amp;quot;,
    &amp;quot;body&amp;quot;: &amp;quot;suscipit nam nisi quo aperiam aut\nasperiores eos fugit maiores voluptatibus quia\nvoluptatem quis ullam qui in alias quia est\nconsequatur magni mollitia accusamus ea nisi voluptate dicta&amp;quot;
  },
  {
    &amp;quot;userId&amp;quot;: 2,
    &amp;quot;id&amp;quot;: 17,
    &amp;quot;title&amp;quot;: &amp;quot;fugit voluptas sed molestias voluptatem provident&amp;quot;,
    &amp;quot;body&amp;quot;: &amp;quot;eos voluptas et aut odit natus earum\naspernatur fuga molestiae ullam\ndeserunt ratione qui eos\nqui nihil ratione nemo velit ut aut id quo&amp;quot;
  },
  {
    &amp;quot;userId&amp;quot;: 2,
    &amp;quot;id&amp;quot;: 18,
    &amp;quot;title&amp;quot;: &amp;quot;voluptate et itaque vero tempora molestiae&amp;quot;,
    &amp;quot;body&amp;quot;: &amp;quot;eveniet quo quis\nlaborum totam consequatur non dolor\nut et est repudiandae\nest voluptatem vel debitis et magnam&amp;quot;
  },
  {
    &amp;quot;userId&amp;quot;: 2,
    &amp;quot;id&amp;quot;: 19,
    &amp;quot;title&amp;quot;: &amp;quot;adipisci placeat illum aut reiciendis qui&amp;quot;,
    &amp;quot;body&amp;quot;: &amp;quot;illum quis cupiditate provident sit magnam\nea sed aut omnis\nveniam maiores ullam consequatur atque\nadipisci quo iste expedita sit quos voluptas&amp;quot;
  },
  {
    &amp;quot;userId&amp;quot;: 2,
    &amp;quot;id&amp;quot;: 20,
    &amp;quot;title&amp;quot;: &amp;quot;doloribus ad provident suscipit at&amp;quot;,
    &amp;quot;body&amp;quot;: &amp;quot;qui consequuntur ducimus possimus quisquam amet similique\nsuscipit porro ipsam amet\neos veritatis officiis exercitationem vel fugit aut necessitatibus totam\nomnis rerum consequatur expedita quidem cumque explicabo&amp;quot;
  },
  {
    &amp;quot;userId&amp;quot;: 3,
    &amp;quot;id&amp;quot;: 21,
    &amp;quot;title&amp;quot;: &amp;quot;asperiores ea ipsam voluptatibus modi minima quia sint&amp;quot;,
    &amp;quot;body&amp;quot;: &amp;quot;repellat aliquid praesentium dolorem quo\nsed totam minus non itaque\nnihil labore molestiae sunt dolor eveniet hic recusandae veniam\ntempora et tenetur expedita sunt&amp;quot;
  },
  {
    &amp;quot;userId&amp;quot;: 3,
    &amp;quot;id&amp;quot;: 22,
    &amp;quot;title&amp;quot;: &amp;quot;dolor sint quo a velit explicabo quia nam&amp;quot;,
    &amp;quot;body&amp;quot;: &amp;quot;eos qui et ipsum ipsam suscipit aut\nsed omnis non odio\nexpedita earum mollitia molestiae aut atque rem suscipit\nnam impedit esse&amp;quot;
  },
  {
    &amp;quot;userId&amp;quot;: 3,
    &amp;quot;id&amp;quot;: 23,
    &amp;quot;title&amp;quot;: &amp;quot;maxime id vitae nihil numquam&amp;quot;,
    &amp;quot;body&amp;quot;: &amp;quot;veritatis unde neque eligendi\nquae quod architecto quo neque vitae\nest illo sit tempora doloremque fugit quod\net et vel beatae sequi ullam sed tenetur perspiciatis&amp;quot;
  },
  {
    &amp;quot;userId&amp;quot;: 3,
    &amp;quot;id&amp;quot;: 24,
    &amp;quot;title&amp;quot;: &amp;quot;autem hic labore sunt dolores incidunt&amp;quot;,
    &amp;quot;body&amp;quot;: &amp;quot;enim et ex nulla\nomnis voluptas quia qui\nvoluptatem consequatur numquam aliquam sunt\ntotam recusandae id dignissimos aut sed asperiores deserunt&amp;quot;
  },
  {
    &amp;quot;userId&amp;quot;: 3,
    &amp;quot;id&amp;quot;: 25,
    &amp;quot;title&amp;quot;: &amp;quot;rem alias distinctio quo quis&amp;quot;,
    &amp;quot;body&amp;quot;: &amp;quot;ullam consequatur ut\nomnis quis sit vel consequuntur\nipsa eligendi ipsum molestiae et omnis error nostrum\nmolestiae illo tempore quia et distinctio&amp;quot;
  },
  {
    &amp;quot;userId&amp;quot;: 3,
    &amp;quot;id&amp;quot;: 26,
    &amp;quot;title&amp;quot;: &amp;quot;est et quae odit qui non&amp;quot;,
    &amp;quot;body&amp;quot;: &amp;quot;similique esse doloribus nihil accusamus\nomnis dolorem fuga consequuntur reprehenderit fugit recusandae temporibus\nperspiciatis cum ut laudantium\nomnis aut molestiae vel vero&amp;quot;
  },
  {
    &amp;quot;userId&amp;quot;: 3,
    &amp;quot;id&amp;quot;: 27,
    &amp;quot;title&amp;quot;: &amp;quot;quasi id et eos tenetur aut quo autem&amp;quot;,
    &amp;quot;body&amp;quot;: &amp;quot;eum sed dolores ipsam sint possimus debitis occaecati\ndebitis qui qui et\nut placeat enim earum aut odit facilis\nconsequatur suscipit necessitatibus rerum sed inventore temporibus consequatur&amp;quot;
  },
  {
    &amp;quot;userId&amp;quot;: 3,
    &amp;quot;id&amp;quot;: 28,
    &amp;quot;title&amp;quot;: &amp;quot;delectus ullam et corporis nulla voluptas sequi&amp;quot;,
    &amp;quot;body&amp;quot;: &amp;quot;non et quaerat ex quae ad maiores\nmaiores recusandae totam aut blanditiis mollitia quas illo\nut voluptatibus voluptatem\nsimilique nostrum eum&amp;quot;
  },
  {
    &amp;quot;userId&amp;quot;: 3,
    &amp;quot;id&amp;quot;: 29,
    &amp;quot;title&amp;quot;: &amp;quot;iusto eius quod necessitatibus culpa ea&amp;quot;,
    &amp;quot;body&amp;quot;: &amp;quot;odit magnam ut saepe sed non qui\ntempora atque nihil\naccusamus illum doloribus illo dolor\neligendi repudiandae odit magni similique sed cum maiores&amp;quot;
  },
  {
    &amp;quot;userId&amp;quot;: 3,
    &amp;quot;id&amp;quot;: 30,
    &amp;quot;title&amp;quot;: &amp;quot;a quo magni similique perferendis&amp;quot;,
    &amp;quot;body&amp;quot;: &amp;quot;alias dolor cumque\nimpedit blanditiis non eveniet odio maxime\nblanditiis amet eius quis tempora quia autem rem\na provident perspiciatis quia&amp;quot;
  },
  {
    &amp;quot;userId&amp;quot;: 4,
    &amp;quot;id&amp;quot;: 31,
    &amp;quot;title&amp;quot;: &amp;quot;ullam ut quidem id aut vel consequuntur&amp;quot;,
    &amp;quot;body&amp;quot;: &amp;quot;debitis eius sed quibusdam non quis consectetur vitae\nimpedit ut qui consequatur sed aut in\nquidem sit nostrum et maiores adipisci atque\nquaerat voluptatem adipisci repudiandae&amp;quot;
  },
  {
    &amp;quot;userId&amp;quot;: 4,
    &amp;quot;id&amp;quot;: 32,
    &amp;quot;title&amp;quot;: &amp;quot;doloremque illum aliquid sunt&amp;quot;,
    &amp;quot;body&amp;quot;: &amp;quot;deserunt eos nobis asperiores et hic\nest debitis repellat molestiae optio\nnihil ratione ut eos beatae quibusdam distinctio maiores\nearum voluptates et aut adipisci ea maiores voluptas maxime&amp;quot;
  },
  {
    &amp;quot;userId&amp;quot;: 4,
    &amp;quot;id&amp;quot;: 33,
    &amp;quot;title&amp;quot;: &amp;quot;qui explicabo molestiae dolorem&amp;quot;,
    &amp;quot;body&amp;quot;: &amp;quot;rerum ut et numquam laborum odit est sit\nid qui sint in\nquasi tenetur tempore aperiam et quaerat qui in\nrerum officiis sequi cumque quod&amp;quot;
  },
  {
    &amp;quot;userId&amp;quot;: 4,
    &amp;quot;id&amp;quot;: 34,
    &amp;quot;title&amp;quot;: &amp;quot;magnam ut rerum iure&amp;quot;,
    &amp;quot;body&amp;quot;: &amp;quot;ea velit perferendis earum ut voluptatem voluptate itaque iusto\ntotam pariatur in\nnemo voluptatem voluptatem autem magni tempora minima in\nest distinctio qui assumenda accusamus dignissimos officia nesciunt nobis&amp;quot;
  },
  {
    &amp;quot;userId&amp;quot;: 4,
    &amp;quot;id&amp;quot;: 35,
    &amp;quot;title&amp;quot;: &amp;quot;id nihil consequatur molestias animi provident&amp;quot;,
    &amp;quot;body&amp;quot;: &amp;quot;nisi error delectus possimus ut eligendi vitae\nplaceat eos harum cupiditate facilis reprehenderit voluptatem beatae\nmodi ducimus quo illum voluptas eligendi\net nobis quia fugit&amp;quot;
  },
  {
    &amp;quot;userId&amp;quot;: 4,
    &amp;quot;id&amp;quot;: 36,
    &amp;quot;title&amp;quot;: &amp;quot;fuga nam accusamus voluptas reiciendis itaque&amp;quot;,
    &amp;quot;body&amp;quot;: &amp;quot;ad mollitia et omnis minus architecto odit\nvoluptas doloremque maxime aut non ipsa qui alias veniam\nblanditiis culpa aut quia nihil cumque facere et occaecati\nqui aspernatur quia eaque ut aperiam inventore&amp;quot;
  },
  {
    &amp;quot;userId&amp;quot;: 4,
    &amp;quot;id&amp;quot;: 37,
    &amp;quot;title&amp;quot;: &amp;quot;provident vel ut sit ratione est&amp;quot;,
    &amp;quot;body&amp;quot;: &amp;quot;debitis et eaque non officia sed nesciunt pariatur vel\nvoluptatem iste vero et ea\nnumquam aut expedita ipsum nulla in\nvoluptates omnis consequatur aut enim officiis in quam qui&amp;quot;
  },
  {
    &amp;quot;userId&amp;quot;: 4,
    &amp;quot;id&amp;quot;: 38,
    &amp;quot;title&amp;quot;: &amp;quot;explicabo et eos deleniti nostrum ab id repellendus&amp;quot;,
    &amp;quot;body&amp;quot;: &amp;quot;animi esse sit aut sit nesciunt assumenda eum voluptas\nquia voluptatibus provident quia necessitatibus ea\nrerum repudiandae quia voluptatem delectus fugit aut id quia\nratione optio eos iusto veniam iure&amp;quot;
  },
  {
    &amp;quot;userId&amp;quot;: 4,
    &amp;quot;id&amp;quot;: 39,
    &amp;quot;title&amp;quot;: &amp;quot;eos dolorem iste accusantium est eaque quam&amp;quot;,
    &amp;quot;body&amp;quot;: &amp;quot;corporis rerum ducimus vel eum accusantium\nmaxime aspernatur a porro possimus iste omnis\nest in deleniti asperiores fuga aut\nvoluptas sapiente vel dolore minus voluptatem incidunt ex&amp;quot;
  },
  {
    &amp;quot;userId&amp;quot;: 4,
    &amp;quot;id&amp;quot;: 40,
    &amp;quot;title&amp;quot;: &amp;quot;enim quo cumque&amp;quot;,
    &amp;quot;body&amp;quot;: &amp;quot;ut voluptatum aliquid illo tenetur nemo sequi quo facilis\nipsum rem optio mollitia quas\nvoluptatem eum voluptas qui\nunde omnis voluptatem iure quasi maxime voluptas nam&amp;quot;
  },
  {
    &amp;quot;userId&amp;quot;: 5,
    &amp;quot;id&amp;quot;: 41,
    &amp;quot;title&amp;quot;: &amp;quot;non est facere&amp;quot;,
    &amp;quot;body&amp;quot;: &amp;quot;molestias id nostrum\nexcepturi molestiae dolore omnis repellendus quaerat saepe\nconsectetur iste quaerat tenetur asperiores accusamus ex ut\nnam quidem est ducimus sunt debitis saepe&amp;quot;
  },
  {
    &amp;quot;userId&amp;quot;: 5,
    &amp;quot;id&amp;quot;: 42,
    &amp;quot;title&amp;quot;: &amp;quot;commodi ullam sint et excepturi error explicabo praesentium voluptas&amp;quot;,
    &amp;quot;body&amp;quot;: &amp;quot;odio fugit voluptatum ducimus earum autem est incidunt voluptatem\nodit reiciendis aliquam sunt sequi nulla dolorem\nnon facere repellendus voluptates quia\nratione harum vitae ut&amp;quot;
  },
  {
    &amp;quot;userId&amp;quot;: 5,
    &amp;quot;id&amp;quot;: 43,
    &amp;quot;title&amp;quot;: &amp;quot;eligendi iste nostrum consequuntur adipisci praesentium sit beatae perferendis&amp;quot;,
    &amp;quot;body&amp;quot;: &amp;quot;similique fugit est\nillum et dolorum harum et voluptate eaque quidem\nexercitationem quos nam commodi possimus cum odio nihil nulla\ndolorum exercitationem magnam ex et a et distinctio debitis&amp;quot;
  },
  {
    &amp;quot;userId&amp;quot;: 5,
    &amp;quot;id&amp;quot;: 44,
    &amp;quot;title&amp;quot;: &amp;quot;optio dolor molestias sit&amp;quot;,
    &amp;quot;body&amp;quot;: &amp;quot;temporibus est consectetur dolore\net libero debitis vel velit laboriosam quia\nipsum quibusdam qui itaque fuga rem aut\nea et iure quam sed maxime ut distinctio quae&amp;quot;
  },
  {
    &amp;quot;userId&amp;quot;: 5,
    &amp;quot;id&amp;quot;: 45,
    &amp;quot;title&amp;quot;: &amp;quot;ut numquam possimus omnis eius suscipit laudantium iure&amp;quot;,
    &amp;quot;body&amp;quot;: &amp;quot;est natus reiciendis nihil possimus aut provident\nex et dolor\nrepellat pariatur est\nnobis rerum repellendus dolorem autem&amp;quot;
  },
  {
    &amp;quot;userId&amp;quot;: 5,
    &amp;quot;id&amp;quot;: 46,
    &amp;quot;title&amp;quot;: &amp;quot;aut quo modi neque nostrum ducimus&amp;quot;,
    &amp;quot;body&amp;quot;: &amp;quot;voluptatem quisquam iste\nvoluptatibus natus officiis facilis dolorem\nquis quas ipsam\nvel et voluptatum in aliquid&amp;quot;
  },
  {
    &amp;quot;userId&amp;quot;: 5,
    &amp;quot;id&amp;quot;: 47,
    &amp;quot;title&amp;quot;: &amp;quot;quibusdam cumque rem aut deserunt&amp;quot;,
    &amp;quot;body&amp;quot;: &amp;quot;voluptatem assumenda ut qui ut cupiditate aut impedit veniam\noccaecati nemo illum voluptatem laudantium\nmolestiae beatae rerum ea iure soluta nostrum\neligendi et voluptate&amp;quot;
  },
  {
    &amp;quot;userId&amp;quot;: 5,
    &amp;quot;id&amp;quot;: 48,
    &amp;quot;title&amp;quot;: &amp;quot;ut voluptatem illum ea doloribus itaque eos&amp;quot;,
    &amp;quot;body&amp;quot;: &amp;quot;voluptates quo voluptatem facilis iure occaecati\nvel assumenda rerum officia et\nillum perspiciatis ab deleniti\nlaudantium repellat ad ut et autem reprehenderit&amp;quot;
  },
  {
    &amp;quot;userId&amp;quot;: 5,
    &amp;quot;id&amp;quot;: 49,
    &amp;quot;title&amp;quot;: &amp;quot;laborum non sunt aut ut assumenda perspiciatis voluptas&amp;quot;,
    &amp;quot;body&amp;quot;: &amp;quot;inventore ab sint\nnatus fugit id nulla sequi architecto nihil quaerat\neos tenetur in in eum veritatis non\nquibusdam officiis aspernatur cumque aut commodi aut&amp;quot;
  },
  {
    &amp;quot;userId&amp;quot;: 5,
    &amp;quot;id&amp;quot;: 50,
    &amp;quot;title&amp;quot;: &amp;quot;repellendus qui recusandae incidunt voluptates tenetur qui omnis exercitationem&amp;quot;,
    &amp;quot;body&amp;quot;: &amp;quot;error suscipit maxime adipisci consequuntur recusandae\nvoluptas eligendi et est et voluptates\nquia distinctio ab amet quaerat molestiae et vitae\nadipisci impedit sequi nesciunt quis consectetur&amp;quot;
  },
  {
    &amp;quot;userId&amp;quot;: 6,
    &amp;quot;id&amp;quot;: 51,
    &amp;quot;title&amp;quot;: &amp;quot;soluta aliquam aperiam consequatur illo quis voluptas&amp;quot;,
    &amp;quot;body&amp;quot;: &amp;quot;sunt dolores aut doloribus\ndolore doloribus voluptates tempora et\ndoloremque et quo\ncum asperiores sit consectetur dolorem&amp;quot;
  },
  {
    &amp;quot;userId&amp;quot;: 6,
    &amp;quot;id&amp;quot;: 52,
    &amp;quot;title&amp;quot;: &amp;quot;qui enim et consequuntur quia animi quis voluptate quibusdam&amp;quot;,
    &amp;quot;body&amp;quot;: &amp;quot;iusto est quibusdam fuga quas quaerat molestias\na enim ut sit accusamus enim\ntemporibus iusto accusantium provident architecto\nsoluta esse reprehenderit qui laborum&amp;quot;
  },
  {
    &amp;quot;userId&amp;quot;: 6,
    &amp;quot;id&amp;quot;: 53,
    &amp;quot;title&amp;quot;: &amp;quot;ut quo aut ducimus alias&amp;quot;,
    &amp;quot;body&amp;quot;: &amp;quot;minima harum praesentium eum rerum illo dolore\nquasi exercitationem rerum nam\nporro quis neque quo\nconsequatur minus dolor quidem veritatis sunt non explicabo similique&amp;quot;
  },
  {
    &amp;quot;userId&amp;quot;: 6,
    &amp;quot;id&amp;quot;: 54,
    &amp;quot;title&amp;quot;: &amp;quot;sit asperiores ipsam eveniet odio non quia&amp;quot;,
    &amp;quot;body&amp;quot;: &amp;quot;totam corporis dignissimos\nvitae dolorem ut occaecati accusamus\nex velit deserunt\net exercitationem vero incidunt corrupti mollitia&amp;quot;
  },
  {
    &amp;quot;userId&amp;quot;: 6,
    &amp;quot;id&amp;quot;: 55,
    &amp;quot;title&amp;quot;: &amp;quot;sit vel voluptatem et non libero&amp;quot;,
    &amp;quot;body&amp;quot;: &amp;quot;debitis excepturi ea perferendis harum libero optio\neos accusamus cum fuga ut sapiente repudiandae\net ut incidunt omnis molestiae\nnihil ut eum odit&amp;quot;
  },
  {
    &amp;quot;userId&amp;quot;: 6,
    &amp;quot;id&amp;quot;: 56,
    &amp;quot;title&amp;quot;: &amp;quot;qui et at rerum necessitatibus&amp;quot;,
    &amp;quot;body&amp;quot;: &amp;quot;aut est omnis dolores\nneque rerum quod ea rerum velit pariatur beatae excepturi\net provident voluptas corrupti\ncorporis harum reprehenderit dolores eligendi&amp;quot;
  },
  {
    &amp;quot;userId&amp;quot;: 6,
    &amp;quot;id&amp;quot;: 57,
    &amp;quot;title&amp;quot;: &amp;quot;sed ab est est&amp;quot;,
    &amp;quot;body&amp;quot;: &amp;quot;at pariatur consequuntur earum quidem\nquo est laudantium soluta voluptatem\nqui ullam et est\net cum voluptas voluptatum repellat est&amp;quot;
  },
  {
    &amp;quot;userId&amp;quot;: 6,
    &amp;quot;id&amp;quot;: 58,
    &amp;quot;title&amp;quot;: &amp;quot;voluptatum itaque dolores nisi et quasi&amp;quot;,
    &amp;quot;body&amp;quot;: &amp;quot;veniam voluptatum quae adipisci id\net id quia eos ad et dolorem\naliquam quo nisi sunt eos impedit error\nad similique veniam&amp;quot;
  },
  {
    &amp;quot;userId&amp;quot;: 6,
    &amp;quot;id&amp;quot;: 59,
    &amp;quot;title&amp;quot;: &amp;quot;qui commodi dolor at maiores et quis id accusantium&amp;quot;,
    &amp;quot;body&amp;quot;: &amp;quot;perspiciatis et quam ea autem temporibus non voluptatibus qui\nbeatae a earum officia nesciunt dolores suscipit voluptas et\nanimi doloribus cum rerum quas et magni\net hic ut ut commodi expedita sunt&amp;quot;
  },
  {
    &amp;quot;userId&amp;quot;: 6,
    &amp;quot;id&amp;quot;: 60,
    &amp;quot;title&amp;quot;: &amp;quot;consequatur placeat omnis quisquam quia reprehenderit fugit veritatis facere&amp;quot;,
    &amp;quot;body&amp;quot;: &amp;quot;asperiores sunt ab assumenda cumque modi velit\nqui esse omnis\nvoluptate et fuga perferendis voluptas\nillo ratione amet aut et omnis&amp;quot;
  },
  {
    &amp;quot;userId&amp;quot;: 7,
    &amp;quot;id&amp;quot;: 61,
    &amp;quot;title&amp;quot;: &amp;quot;voluptatem doloribus consectetur est ut ducimus&amp;quot;,
    &amp;quot;body&amp;quot;: &amp;quot;ab nemo optio odio\ndelectus tenetur corporis similique nobis repellendus rerum omnis facilis\nvero blanditiis debitis in nesciunt doloribus dicta dolores\nmagnam minus velit&amp;quot;
  },
  {
    &amp;quot;userId&amp;quot;: 7,
    &amp;quot;id&amp;quot;: 62,
    &amp;quot;title&amp;quot;: &amp;quot;beatae enim quia vel&amp;quot;,
    &amp;quot;body&amp;quot;: &amp;quot;enim aspernatur illo distinctio quae praesentium\nbeatae alias amet delectus qui voluptate distinctio\nodit sint accusantium autem omnis\nquo molestiae omnis ea eveniet optio&amp;quot;
  },
  {
    &amp;quot;userId&amp;quot;: 7,
    &amp;quot;id&amp;quot;: 63,
    &amp;quot;title&amp;quot;: &amp;quot;voluptas blanditiis repellendus animi ducimus error sapiente et suscipit&amp;quot;,
    &amp;quot;body&amp;quot;: &amp;quot;enim adipisci aspernatur nemo\nnumquam omnis facere dolorem dolor ex quis temporibus incidunt\nab delectus culpa quo reprehenderit blanditiis asperiores\naccusantium ut quam in voluptatibus voluptas ipsam dicta&amp;quot;
  },
  {
    &amp;quot;userId&amp;quot;: 7,
    &amp;quot;id&amp;quot;: 64,
    &amp;quot;title&amp;quot;: &amp;quot;et fugit quas eum in in aperiam quod&amp;quot;,
    &amp;quot;body&amp;quot;: &amp;quot;id velit blanditiis\neum ea voluptatem\nmolestiae sint occaecati est eos perspiciatis\nincidunt a error provident eaque aut aut qui&amp;quot;
  },
  {
    &amp;quot;userId&amp;quot;: 7,
    &amp;quot;id&amp;quot;: 65,
    &amp;quot;title&amp;quot;: &amp;quot;consequatur id enim sunt et et&amp;quot;,
    &amp;quot;body&amp;quot;: &amp;quot;voluptatibus ex esse\nsint explicabo est aliquid cumque adipisci fuga repellat labore\nmolestiae corrupti ex saepe at asperiores et perferendis\nnatus id esse incidunt pariatur&amp;quot;
  },
  {
    &amp;quot;userId&amp;quot;: 7,
    &amp;quot;id&amp;quot;: 66,
    &amp;quot;title&amp;quot;: &amp;quot;repudiandae ea animi iusto&amp;quot;,
    &amp;quot;body&amp;quot;: &amp;quot;officia veritatis tenetur vero qui itaque\nsint non ratione\nsed et ut asperiores iusto eos molestiae nostrum\nveritatis quibusdam et nemo iusto saepe&amp;quot;
  },
  {
    &amp;quot;userId&amp;quot;: 7,
    &amp;quot;id&amp;quot;: 67,
    &amp;quot;title&amp;quot;: &amp;quot;aliquid eos sed fuga est maxime repellendus&amp;quot;,
    &amp;quot;body&amp;quot;: &amp;quot;reprehenderit id nostrum\nvoluptas doloremque pariatur sint et accusantium quia quod aspernatur\net fugiat amet\nnon sapiente et consequatur necessitatibus molestiae&amp;quot;
  },
  {
    &amp;quot;userId&amp;quot;: 7,
    &amp;quot;id&amp;quot;: 68,
    &amp;quot;title&amp;quot;: &amp;quot;odio quis facere architecto reiciendis optio&amp;quot;,
    &amp;quot;body&amp;quot;: &amp;quot;magnam molestiae perferendis quisquam\nqui cum reiciendis\nquaerat animi amet hic inventore\nea quia deleniti quidem saepe porro velit&amp;quot;
  },
  {
    &amp;quot;userId&amp;quot;: 7,
    &amp;quot;id&amp;quot;: 69,
    &amp;quot;title&amp;quot;: &amp;quot;fugiat quod pariatur odit minima&amp;quot;,
    &amp;quot;body&amp;quot;: &amp;quot;officiis error culpa consequatur modi asperiores et\ndolorum assumenda voluptas et vel qui aut vel rerum\nvoluptatum quisquam perspiciatis quia rerum consequatur totam quas\nsequi commodi repudiandae asperiores et saepe a&amp;quot;
  },
  {
    &amp;quot;userId&amp;quot;: 7,
    &amp;quot;id&amp;quot;: 70,
    &amp;quot;title&amp;quot;: &amp;quot;voluptatem laborum magni&amp;quot;,
    &amp;quot;body&amp;quot;: &amp;quot;sunt repellendus quae\nest asperiores aut deleniti esse accusamus repellendus quia aut\nquia dolorem unde\neum tempora esse dolore&amp;quot;
  },
  {
    &amp;quot;userId&amp;quot;: 8,
    &amp;quot;id&amp;quot;: 71,
    &amp;quot;title&amp;quot;: &amp;quot;et iusto veniam et illum aut fuga&amp;quot;,
    &amp;quot;body&amp;quot;: &amp;quot;occaecati a doloribus\niste saepe consectetur placeat eum voluptate dolorem et\nqui quo quia voluptas\nrerum ut id enim velit est perferendis&amp;quot;
  },
  {
    &amp;quot;userId&amp;quot;: 8,
    &amp;quot;id&amp;quot;: 72,
    &amp;quot;title&amp;quot;: &amp;quot;sint hic doloribus consequatur eos non id&amp;quot;,
    &amp;quot;body&amp;quot;: &amp;quot;quam occaecati qui deleniti consectetur\nconsequatur aut facere quas exercitationem aliquam hic voluptas\nneque id sunt ut aut accusamus\nsunt consectetur expedita inventore velit&amp;quot;
  },
  {
    &amp;quot;userId&amp;quot;: 8,
    &amp;quot;id&amp;quot;: 73,
    &amp;quot;title&amp;quot;: &amp;quot;consequuntur deleniti eos quia temporibus ab aliquid at&amp;quot;,
    &amp;quot;body&amp;quot;: &amp;quot;voluptatem cumque tenetur consequatur expedita ipsum nemo quia explicabo\naut eum minima consequatur\ntempore cumque quae est et\net in consequuntur voluptatem voluptates aut&amp;quot;
  },
  {
    &amp;quot;userId&amp;quot;: 8,
    &amp;quot;id&amp;quot;: 74,
    &amp;quot;title&amp;quot;: &amp;quot;enim unde ratione doloribus quas enim ut sit sapiente&amp;quot;,
    &amp;quot;body&amp;quot;: &amp;quot;odit qui et et necessitatibus sint veniam\nmollitia amet doloremque molestiae commodi similique magnam et quam\nblanditiis est itaque\nquo et tenetur ratione occaecati molestiae tempora&amp;quot;
  },
  {
    &amp;quot;userId&amp;quot;: 8,
    &amp;quot;id&amp;quot;: 75,
    &amp;quot;title&amp;quot;: &amp;quot;dignissimos eum dolor ut enim et delectus in&amp;quot;,
    &amp;quot;body&amp;quot;: &amp;quot;commodi non non omnis et voluptas sit\nautem aut nobis magnam et sapiente voluptatem\net laborum repellat qui delectus facilis temporibus\nrerum amet et nemo voluptate expedita adipisci error dolorem&amp;quot;
  },
  {
    &amp;quot;userId&amp;quot;: 8,
    &amp;quot;id&amp;quot;: 76,
    &amp;quot;title&amp;quot;: &amp;quot;doloremque officiis ad et non perferendis&amp;quot;,
    &amp;quot;body&amp;quot;: &amp;quot;ut animi facere\ntotam iusto tempore\nmolestiae eum aut et dolorem aperiam\nquaerat recusandae totam odio&amp;quot;
  },
  {
    &amp;quot;userId&amp;quot;: 8,
    &amp;quot;id&amp;quot;: 77,
    &amp;quot;title&amp;quot;: &amp;quot;necessitatibus quasi exercitationem odio&amp;quot;,
    &amp;quot;body&amp;quot;: &amp;quot;modi ut in nulla repudiandae dolorum nostrum eos\naut consequatur omnis\nut incidunt est omnis iste et quam\nvoluptates sapiente aliquam asperiores nobis amet corrupti repudiandae provident&amp;quot;
  },
  {
    &amp;quot;userId&amp;quot;: 8,
    &amp;quot;id&amp;quot;: 78,
    &amp;quot;title&amp;quot;: &amp;quot;quam voluptatibus rerum veritatis&amp;quot;,
    &amp;quot;body&amp;quot;: &amp;quot;nobis facilis odit tempore cupiditate quia\nassumenda doloribus rerum qui ea\nillum et qui totam\naut veniam repellendus&amp;quot;
  },
  {
    &amp;quot;userId&amp;quot;: 8,
    &amp;quot;id&amp;quot;: 79,
    &amp;quot;title&amp;quot;: &amp;quot;pariatur consequatur quia magnam autem omnis non amet&amp;quot;,
    &amp;quot;body&amp;quot;: &amp;quot;libero accusantium et et facere incidunt sit dolorem\nnon excepturi qui quia sed laudantium\nquisquam molestiae ducimus est\nofficiis esse molestiae iste et quos&amp;quot;
  },
  {
    &amp;quot;userId&amp;quot;: 8,
    &amp;quot;id&amp;quot;: 80,
    &amp;quot;title&amp;quot;: &amp;quot;labore in ex et explicabo corporis aut quas&amp;quot;,
    &amp;quot;body&amp;quot;: &amp;quot;ex quod dolorem ea eum iure qui provident amet\nquia qui facere excepturi et repudiandae\nasperiores molestias provident\nminus incidunt vero fugit rerum sint sunt excepturi provident&amp;quot;
  },
  {
    &amp;quot;userId&amp;quot;: 9,
    &amp;quot;id&amp;quot;: 81,
    &amp;quot;title&amp;quot;: &amp;quot;tempora rem veritatis voluptas quo dolores vero&amp;quot;,
    &amp;quot;body&amp;quot;: &amp;quot;facere qui nesciunt est voluptatum voluptatem nisi\nsequi eligendi necessitatibus ea at rerum itaque\nharum non ratione velit laboriosam quis consequuntur\nex officiis minima doloremque voluptas ut aut&amp;quot;
  },
  {
    &amp;quot;userId&amp;quot;: 9,
    &amp;quot;id&amp;quot;: 82,
    &amp;quot;title&amp;quot;: &amp;quot;laudantium voluptate suscipit sunt enim enim&amp;quot;,
    &amp;quot;body&amp;quot;: &amp;quot;ut libero sit aut totam inventore sunt\nporro sint qui sunt molestiae\nconsequatur cupiditate qui iste ducimus adipisci\ndolor enim assumenda soluta laboriosam amet iste delectus hic&amp;quot;
  },
  {
    &amp;quot;userId&amp;quot;: 9,
    &amp;quot;id&amp;quot;: 83,
    &amp;quot;title&amp;quot;: &amp;quot;odit et voluptates doloribus alias odio et&amp;quot;,
    &amp;quot;body&amp;quot;: &amp;quot;est molestiae facilis quis tempora numquam nihil qui\nvoluptate sapiente consequatur est qui\nnecessitatibus autem aut ipsa aperiam modi dolore numquam\nreprehenderit eius rem quibusdam&amp;quot;
  },
  {
    &amp;quot;userId&amp;quot;: 9,
    &amp;quot;id&amp;quot;: 84,
    &amp;quot;title&amp;quot;: &amp;quot;optio ipsam molestias necessitatibus occaecati facilis veritatis dolores aut&amp;quot;,
    &amp;quot;body&amp;quot;: &amp;quot;sint molestiae magni a et quos\neaque et quasi\nut rerum debitis similique veniam\nrecusandae dignissimos dolor incidunt consequatur odio&amp;quot;
  },
  {
    &amp;quot;userId&amp;quot;: 9,
    &amp;quot;id&amp;quot;: 85,
    &amp;quot;title&amp;quot;: &amp;quot;dolore veritatis porro provident adipisci blanditiis et sunt&amp;quot;,
    &amp;quot;body&amp;quot;: &amp;quot;similique sed nisi voluptas iusto omnis\nmollitia et quo\nassumenda suscipit officia magnam sint sed tempora\nenim provident pariatur praesentium atque animi amet ratione&amp;quot;
  },
  {
    &amp;quot;userId&amp;quot;: 9,
    &amp;quot;id&amp;quot;: 86,
    &amp;quot;title&amp;quot;: &amp;quot;placeat quia et porro iste&amp;quot;,
    &amp;quot;body&amp;quot;: &amp;quot;quasi excepturi consequatur iste autem temporibus sed molestiae beatae\net quaerat et esse ut\nvoluptatem occaecati et vel explicabo autem\nasperiores pariatur deserunt optio&amp;quot;
  },
  {
    &amp;quot;userId&amp;quot;: 9,
    &amp;quot;id&amp;quot;: 87,
    &amp;quot;title&amp;quot;: &amp;quot;nostrum quis quasi placeat&amp;quot;,
    &amp;quot;body&amp;quot;: &amp;quot;eos et molestiae\nnesciunt ut a\ndolores perspiciatis repellendus repellat aliquid\nmagnam sint rem ipsum est&amp;quot;
  },
  {
    &amp;quot;userId&amp;quot;: 9,
    &amp;quot;id&amp;quot;: 88,
    &amp;quot;title&amp;quot;: &amp;quot;sapiente omnis fugit eos&amp;quot;,
    &amp;quot;body&amp;quot;: &amp;quot;consequatur omnis est praesentium\nducimus non iste\nneque hic deserunt\nvoluptatibus veniam cum et rerum sed&amp;quot;
  },
  {
    &amp;quot;userId&amp;quot;: 9,
    &amp;quot;id&amp;quot;: 89,
    &amp;quot;title&amp;quot;: &amp;quot;sint soluta et vel magnam aut ut sed qui&amp;quot;,
    &amp;quot;body&amp;quot;: &amp;quot;repellat aut aperiam totam temporibus autem et\narchitecto magnam ut\nconsequatur qui cupiditate rerum quia soluta dignissimos nihil iure\ntempore quas est&amp;quot;
  },
  {
    &amp;quot;userId&amp;quot;: 9,
    &amp;quot;id&amp;quot;: 90,
    &amp;quot;title&amp;quot;: &amp;quot;ad iusto omnis odit dolor voluptatibus&amp;quot;,
    &amp;quot;body&amp;quot;: &amp;quot;minus omnis soluta quia\nqui sed adipisci voluptates illum ipsam voluptatem\neligendi officia ut in\neos soluta similique molestias praesentium blanditiis&amp;quot;
  },
  {
    &amp;quot;userId&amp;quot;: 10,
    &amp;quot;id&amp;quot;: 91,
    &amp;quot;title&amp;quot;: &amp;quot;aut amet sed&amp;quot;,
    &amp;quot;body&amp;quot;: &amp;quot;libero voluptate eveniet aperiam sed\nsunt placeat suscipit molestias\nsimilique fugit nam natus\nexpedita consequatur consequatur dolores quia eos et placeat&amp;quot;
  },
  {
    &amp;quot;userId&amp;quot;: 10,
    &amp;quot;id&amp;quot;: 92,
    &amp;quot;title&amp;quot;: &amp;quot;ratione ex tenetur perferendis&amp;quot;,
    &amp;quot;body&amp;quot;: &amp;quot;aut et excepturi dicta laudantium sint rerum nihil\nlaudantium et at\na neque minima officia et similique libero et\ncommodi voluptate qui&amp;quot;
  },
  {
    &amp;quot;userId&amp;quot;: 10,
    &amp;quot;id&amp;quot;: 93,
    &amp;quot;title&amp;quot;: &amp;quot;beatae soluta recusandae&amp;quot;,
    &amp;quot;body&amp;quot;: &amp;quot;dolorem quibusdam ducimus consequuntur dicta aut quo laboriosam\nvoluptatem quis enim recusandae ut sed sunt\nnostrum est odit totam\nsit error sed sunt eveniet provident qui nulla&amp;quot;
  },
  {
    &amp;quot;userId&amp;quot;: 10,
    &amp;quot;id&amp;quot;: 94,
    &amp;quot;title&amp;quot;: &amp;quot;qui qui voluptates illo iste minima&amp;quot;,
    &amp;quot;body&amp;quot;: &amp;quot;aspernatur expedita soluta quo ab ut similique\nexpedita dolores amet\nsed temporibus distinctio magnam saepe deleniti\nomnis facilis nam ipsum natus sint similique omnis&amp;quot;
  },
  {
    &amp;quot;userId&amp;quot;: 10,
    &amp;quot;id&amp;quot;: 95,
    &amp;quot;title&amp;quot;: &amp;quot;id minus libero illum nam ad officiis&amp;quot;,
    &amp;quot;body&amp;quot;: &amp;quot;earum voluptatem facere provident blanditiis velit laboriosam\npariatur accusamus odio saepe\ncumque dolor qui a dicta ab doloribus consequatur omnis\ncorporis cupiditate eaque assumenda ad nesciunt&amp;quot;
  },
  {
    &amp;quot;userId&amp;quot;: 10,
    &amp;quot;id&amp;quot;: 96,
    &amp;quot;title&amp;quot;: &amp;quot;quaerat velit veniam amet cupiditate aut numquam ut sequi&amp;quot;,
    &amp;quot;body&amp;quot;: &amp;quot;in non odio excepturi sint eum\nlabore voluptates vitae quia qui et\ninventore itaque rerum\nveniam non exercitationem delectus aut&amp;quot;
  },
  {
    &amp;quot;userId&amp;quot;: 10,
    &amp;quot;id&amp;quot;: 97,
    &amp;quot;title&amp;quot;: &amp;quot;quas fugiat ut perspiciatis vero provident&amp;quot;,
    &amp;quot;body&amp;quot;: &amp;quot;eum non blanditiis soluta porro quibusdam voluptas\nvel voluptatem qui placeat dolores qui velit aut\nvel inventore aut cumque culpa explicabo aliquid at\nperspiciatis est et voluptatem dignissimos dolor itaque sit nam&amp;quot;
  },
  {
    &amp;quot;userId&amp;quot;: 10,
    &amp;quot;id&amp;quot;: 98,
    &amp;quot;title&amp;quot;: &amp;quot;laboriosam dolor voluptates&amp;quot;,
    &amp;quot;body&amp;quot;: &amp;quot;doloremque ex facilis sit sint culpa\nsoluta assumenda eligendi non ut eius\nsequi ducimus vel quasi\nveritatis est dolores&amp;quot;
  },
  {
    &amp;quot;userId&amp;quot;: 10,
    &amp;quot;id&amp;quot;: 99,
    &amp;quot;title&amp;quot;: &amp;quot;temporibus sit alias delectus eligendi possimus magni&amp;quot;,
    &amp;quot;body&amp;quot;: &amp;quot;quo deleniti praesentium dicta non quod\naut est molestias\nmolestias et officia quis nihil\nitaque dolorem quia&amp;quot;
  },
  {
    &amp;quot;userId&amp;quot;: 10,
    &amp;quot;id&amp;quot;: 100,
    &amp;quot;title&amp;quot;: &amp;quot;at nam consequatur ea labore ea harum&amp;quot;,
    &amp;quot;body&amp;quot;: &amp;quot;cupiditate quo est a modi nesciunt soluta\nipsa voluptas error itaque dicta in\nautem qui minus magnam et distinctio eum\naccusamus ratione error aut&amp;quot;
  }
]
">
      <![CDATA[java.lang.AssertionError: 1 expectation failed.
Response body doesn't match expectation.
Expected: The content to match the given JSON schema.
error: instance type (string) does not match any allowed primitive type (allowed: ["integer"])
    level: "error"
    schema: {"loadingURI":"#","pointer":"/items/99/properties/body"}
    instance: {"pointer":"/99/body"}
    domain: "validation"
    keyword: "type"
    found: "string"
    expected: ["integer"]

  Actual: [
  {
    "userId": 1,
    "id": 1,
    "title": "sunt aut facere repellat provident occaecati excepturi optio reprehenderit",
    "body": "quia et suscipit\nsuscipit recusandae consequuntur expedita et cum\nreprehenderit molestiae ut ut quas totam\nnostrum rerum est autem sunt rem eveniet architecto"
  },
  {
    "userId": 1,
    "id": 2,
    "title": "qui est esse",
    "body": "est rerum tempore vitae\nsequi sint nihil reprehenderit dolor beatae ea dolores neque\nfugiat blanditiis voluptate porro vel nihil molestiae ut reiciendis\nqui aperiam non debitis possimus qui neque nisi nulla"
  },
  {
    "userId": 1,
    "id": 3,
    "title": "ea molestias quasi exercitationem repellat qui ipsa sit aut",
    "body": "et iusto sed quo iure\nvoluptatem occaecati omnis eligendi aut ad\nvoluptatem doloribus vel accusantium quis pariatur\nmolestiae porro eius odio et labore et velit aut"
  },
  {
    "userId": 1,
    "id": 4,
    "title": "eum et est occaecati",
    "body": "ullam et saepe reiciendis voluptatem adipisci\nsit amet autem assumenda provident rerum culpa\nquis hic commodi nesciunt rem tenetur doloremque ipsam iure\nquis sunt voluptatem rerum illo velit"
  },
  {
    "userId": 1,
    "id": 5,
    "title": "nesciunt quas odio",
    "body": "repudiandae veniam quaerat sunt sed\nalias aut fugiat sit autem sed est\nvoluptatem omnis possimus esse voluptatibus quis\nest aut tenetur dolor neque"
  },
  {
    "userId": 1,
    "id": 6,
    "title": "dolorem eum magni eos aperiam quia",
    "body": "ut aspernatur corporis harum nihil quis provident sequi\nmollitia nobis aliquid molestiae\nperspiciatis et ea nemo ab reprehenderit accusantium quas\nvoluptate dolores velit et doloremque molestiae"
  },
  {
    "userId": 1,
    "id": 7,
    "title": "magnam facilis autem",
    "body": "dolore placeat quibusdam ea quo vitae\nmagni quis enim qui quis quo nemo aut saepe\nquidem repellat excepturi ut quia\nsunt ut sequi eos ea sed quas"
  },
  {
    "userId": 1,
    "id": 8,
    "title": "dolorem dolore est ipsam",
    "body": "dignissimos aperiam dolorem qui eum\nfacilis quibusdam animi sint suscipit qui sint possimus cum\nquaerat magni maiores excepturi\nipsam ut commodi dolor voluptatum modi aut vitae"
  },
  {
    "userId": 1,
    "id": 9,
    "title": "nesciunt iure omnis dolorem tempora et accusantium",
    "body": "consectetur animi nesciunt iure dolore\nenim quia ad\nveniam autem ut quam aut nobis\net est aut quod aut provident voluptas autem voluptas"
  },
  {
    "userId": 1,
    "id": 10,
    "title": "optio molestias id quia eum",
    "body": "quo et expedita modi cum officia vel magni\ndoloribus qui repudiandae\nvero nisi sit\nquos veniam quod sed accusamus veritatis error"
  },
  {
    "userId": 2,
    "id": 11,
    "title": "et ea vero quia laudantium autem",
    "body": "delectus reiciendis molestiae occaecati non minima eveniet qui voluptatibus\naccusamus in eum beatae sit\nvel qui neque voluptates ut commodi qui incidunt\nut animi commodi"
  },
  {
    "userId": 2,
    "id": 12,
    "title": "in quibusdam tempore odit est dolorem",
    "body": "itaque id aut magnam\npraesentium quia et ea odit et ea voluptas et\nsapiente quia nihil amet occaecati quia id voluptatem\nincidunt ea est distinctio odio"
  },
  {
    "userId": 2,
    "id": 13,
    "title": "dolorum ut in voluptas mollitia et saepe quo animi",
    "body": "aut dicta possimus sint mollitia voluptas commodi quo doloremque\niste corrupti reiciendis voluptatem eius rerum\nsit cumque quod eligendi laborum minima\nperferendis recusandae assumenda consectetur porro architecto ipsum ipsam"
  },
  {
    "userId": 2,
    "id": 14,
    "title": "voluptatem eligendi optio",
    "body": "fuga et accusamus dolorum perferendis illo voluptas\nnon doloremque neque facere\nad qui dolorum molestiae beatae\nsed aut voluptas totam sit illum"
  },
  {
    "userId": 2,
    "id": 15,
    "title": "eveniet quod temporibus",
    "body": "reprehenderit quos placeat\nvelit minima officia dolores impedit repudiandae molestiae nam\nvoluptas recusandae quis delectus\nofficiis harum fugiat vitae"
  },
  {
    "userId": 2,
    "id": 16,
    "title": "sint suscipit perspiciatis velit dolorum rerum ipsa laboriosam odio",
    "body": "suscipit nam nisi quo aperiam aut\nasperiores eos fugit maiores voluptatibus quia\nvoluptatem quis ullam qui in alias quia est\nconsequatur magni mollitia accusamus ea nisi voluptate dicta"
  },
  {
    "userId": 2,
    "id": 17,
    "title": "fugit voluptas sed molestias voluptatem provident",
    "body": "eos voluptas et aut odit natus earum\naspernatur fuga molestiae ullam\ndeserunt ratione qui eos\nqui nihil ratione nemo velit ut aut id quo"
  },
  {
    "userId": 2,
    "id": 18,
    "title": "voluptate et itaque vero tempora molestiae",
    "body": "eveniet quo quis\nlaborum totam consequatur non dolor\nut et est repudiandae\nest voluptatem vel debitis et magnam"
  },
  {
    "userId": 2,
    "id": 19,
    "title": "adipisci placeat illum aut reiciendis qui",
    "body": "illum quis cupiditate provident sit magnam\nea sed aut omnis\nveniam maiores ullam consequatur atque\nadipisci quo iste expedita sit quos voluptas"
  },
  {
    "userId": 2,
    "id": 20,
    "title": "doloribus ad provident suscipit at",
    "body": "qui consequuntur ducimus possimus quisquam amet similique\nsuscipit porro ipsam amet\neos veritatis officiis exercitationem vel fugit aut necessitatibus totam\nomnis rerum consequatur expedita quidem cumque explicabo"
  },
  {
    "userId": 3,
    "id": 21,
    "title": "asperiores ea ipsam voluptatibus modi minima quia sint",
    "body": "repellat aliquid praesentium dolorem quo\nsed totam minus non itaque\nnihil labore molestiae sunt dolor eveniet hic recusandae veniam\ntempora et tenetur expedita sunt"
  },
  {
    "userId": 3,
    "id": 22,
    "title": "dolor sint quo a velit explicabo quia nam",
    "body": "eos qui et ipsum ipsam suscipit aut\nsed omnis non odio\nexpedita earum mollitia molestiae aut atque rem suscipit\nnam impedit esse"
  },
  {
    "userId": 3,
    "id": 23,
    "title": "maxime id vitae nihil numquam",
    "body": "veritatis unde neque eligendi\nquae quod architecto quo neque vitae\nest illo sit tempora doloremque fugit quod\net et vel beatae sequi ullam sed tenetur perspiciatis"
  },
  {
    "userId": 3,
    "id": 24,
    "title": "autem hic labore sunt dolores incidunt",
    "body": "enim et ex nulla\nomnis voluptas quia qui\nvoluptatem consequatur numquam aliquam sunt\ntotam recusandae id dignissimos aut sed asperiores deserunt"
  },
  {
    "userId": 3,
    "id": 25,
    "title": "rem alias distinctio quo quis",
    "body": "ullam consequatur ut\nomnis quis sit vel consequuntur\nipsa eligendi ipsum molestiae et omnis error nostrum\nmolestiae illo tempore quia et distinctio"
  },
  {
    "userId": 3,
    "id": 26,
    "title": "est et quae odit qui non",
    "body": "similique esse doloribus nihil accusamus\nomnis dolorem fuga consequuntur reprehenderit fugit recusandae temporibus\nperspiciatis cum ut laudantium\nomnis aut molestiae vel vero"
  },
  {
    "userId": 3,
    "id": 27,
    "title": "quasi id et eos tenetur aut quo autem",
    "body": "eum sed dolores ipsam sint possimus debitis occaecati\ndebitis qui qui et\nut placeat enim earum aut odit facilis\nconsequatur suscipit necessitatibus rerum sed inventore temporibus consequatur"
  },
  {
    "userId": 3,
    "id": 28,
    "title": "delectus ullam et corporis nulla voluptas sequi",
    "body": "non et quaerat ex quae ad maiores\nmaiores recusandae totam aut blanditiis mollitia quas illo\nut voluptatibus voluptatem\nsimilique nostrum eum"
  },
  {
    "userId": 3,
    "id": 29,
    "title": "iusto eius quod necessitatibus culpa ea",
    "body": "odit magnam ut saepe sed non qui\ntempora atque nihil\naccusamus illum doloribus illo dolor\neligendi repudiandae odit magni similique sed cum maiores"
  },
  {
    "userId": 3,
    "id": 30,
    "title": "a quo magni similique perferendis",
    "body": "alias dolor cumque\nimpedit blanditiis non eveniet odio maxime\nblanditiis amet eius quis tempora quia autem rem\na provident perspiciatis quia"
  },
  {
    "userId": 4,
    "id": 31,
    "title": "ullam ut quidem id aut vel consequuntur",
    "body": "debitis eius sed quibusdam non quis consectetur vitae\nimpedit ut qui consequatur sed aut in\nquidem sit nostrum et maiores adipisci atque\nquaerat voluptatem adipisci repudiandae"
  },
  {
    "userId": 4,
    "id": 32,
    "title": "doloremque illum aliquid sunt",
    "body": "deserunt eos nobis asperiores et hic\nest debitis repellat molestiae optio\nnihil ratione ut eos beatae quibusdam distinctio maiores\nearum voluptates et aut adipisci ea maiores voluptas maxime"
  },
  {
    "userId": 4,
    "id": 33,
    "title": "qui explicabo molestiae dolorem",
    "body": "rerum ut et numquam laborum odit est sit\nid qui sint in\nquasi tenetur tempore aperiam et quaerat qui in\nrerum officiis sequi cumque quod"
  },
  {
    "userId": 4,
    "id": 34,
    "title": "magnam ut rerum iure",
    "body": "ea velit perferendis earum ut voluptatem voluptate itaque iusto\ntotam pariatur in\nnemo voluptatem voluptatem autem magni tempora minima in\nest distinctio qui assumenda accusamus dignissimos officia nesciunt nobis"
  },
  {
    "userId": 4,
    "id": 35,
    "title": "id nihil consequatur molestias animi provident",
    "body": "nisi error delectus possimus ut eligendi vitae\nplaceat eos harum cupiditate facilis reprehenderit voluptatem beatae\nmodi ducimus quo illum voluptas eligendi\net nobis quia fugit"
  },
  {
    "userId": 4,
    "id": 36,
    "title": "fuga nam accusamus voluptas reiciendis itaque",
    "body": "ad mollitia et omnis minus architecto odit\nvoluptas doloremque maxime aut non ipsa qui alias veniam\nblanditiis culpa aut quia nihil cumque facere et occaecati\nqui aspernatur quia eaque ut aperiam inventore"
  },
  {
    "userId": 4,
    "id": 37,
    "title": "provident vel ut sit ratione est",
    "body": "debitis et eaque non officia sed nesciunt pariatur vel\nvoluptatem iste vero et ea\nnumquam aut expedita ipsum nulla in\nvoluptates omnis consequatur aut enim officiis in quam qui"
  },
  {
    "userId": 4,
    "id": 38,
    "title": "explicabo et eos deleniti nostrum ab id repellendus",
    "body": "animi esse sit aut sit nesciunt assumenda eum voluptas\nquia voluptatibus provident quia necessitatibus ea\nrerum repudiandae quia voluptatem delectus fugit aut id quia\nratione optio eos iusto veniam iure"
  },
  {
    "userId": 4,
    "id": 39,
    "title": "eos dolorem iste accusantium est eaque quam",
    "body": "corporis rerum ducimus vel eum accusantium\nmaxime aspernatur a porro possimus iste omnis\nest in deleniti asperiores fuga aut\nvoluptas sapiente vel dolore minus voluptatem incidunt ex"
  },
  {
    "userId": 4,
    "id": 40,
    "title": "enim quo cumque",
    "body": "ut voluptatum aliquid illo tenetur nemo sequi quo facilis\nipsum rem optio mollitia quas\nvoluptatem eum voluptas qui\nunde omnis voluptatem iure quasi maxime voluptas nam"
  },
  {
    "userId": 5,
    "id": 41,
    "title": "non est facere",
    "body": "molestias id nostrum\nexcepturi molestiae dolore omnis repellendus quaerat saepe\nconsectetur iste quaerat tenetur asperiores accusamus ex ut\nnam quidem est ducimus sunt debitis saepe"
  },
  {
    "userId": 5,
    "id": 42,
    "title": "commodi ullam sint et excepturi error explicabo praesentium voluptas",
    "body": "odio fugit voluptatum ducimus earum autem est incidunt voluptatem\nodit reiciendis aliquam sunt sequi nulla dolorem\nnon facere repellendus voluptates quia\nratione harum vitae ut"
  },
  {
    "userId": 5,
    "id": 43,
    "title": "eligendi iste nostrum consequuntur adipisci praesentium sit beatae perferendis",
    "body": "similique fugit est\nillum et dolorum harum et voluptate eaque quidem\nexercitationem quos nam commodi possimus cum odio nihil nulla\ndolorum exercitationem magnam ex et a et distinctio debitis"
  },
  {
    "userId": 5,
    "id": 44,
    "title": "optio dolor molestias sit",
    "body": "temporibus est consectetur dolore\net libero debitis vel velit laboriosam quia\nipsum quibusdam qui itaque fuga rem aut\nea et iure quam sed maxime ut distinctio quae"
  },
  {
    "userId": 5,
    "id": 45,
    "title": "ut numquam possimus omnis eius suscipit laudantium iure",
    "body": "est natus reiciendis nihil possimus aut provident\nex et dolor\nrepellat pariatur est\nnobis rerum repellendus dolorem autem"
  },
  {
    "userId": 5,
    "id": 46,
    "title": "aut quo modi neque nostrum ducimus",
    "body": "voluptatem quisquam iste\nvoluptatibus natus officiis facilis dolorem\nquis quas ipsam\nvel et voluptatum in aliquid"
  },
  {
    "userId": 5,
    "id": 47,
    "title": "quibusdam cumque rem aut deserunt",
    "body": "voluptatem assumenda ut qui ut cupiditate aut impedit veniam\noccaecati nemo illum voluptatem laudantium\nmolestiae beatae rerum ea iure soluta nostrum\neligendi et voluptate"
  },
  {
    "userId": 5,
    "id": 48,
    "title": "ut voluptatem illum ea doloribus itaque eos",
    "body": "voluptates quo voluptatem facilis iure occaecati\nvel assumenda rerum officia et\nillum perspiciatis ab deleniti\nlaudantium repellat ad ut et autem reprehenderit"
  },
  {
    "userId": 5,
    "id": 49,
    "title": "laborum non sunt aut ut assumenda perspiciatis voluptas",
    "body": "inventore ab sint\nnatus fugit id nulla sequi architecto nihil quaerat\neos tenetur in in eum veritatis non\nquibusdam officiis aspernatur cumque aut commodi aut"
  },
  {
    "userId": 5,
    "id": 50,
    "title": "repellendus qui recusandae incidunt voluptates tenetur qui omnis exercitationem",
    "body": "error suscipit maxime adipisci consequuntur recusandae\nvoluptas eligendi et est et voluptates\nquia distinctio ab amet quaerat molestiae et vitae\nadipisci impedit sequi nesciunt quis consectetur"
  },
  {
    "userId": 6,
    "id": 51,
    "title": "soluta aliquam aperiam consequatur illo quis voluptas",
    "body": "sunt dolores aut doloribus\ndolore doloribus voluptates tempora et\ndoloremque et quo\ncum asperiores sit consectetur dolorem"
  },
  {
    "userId": 6,
    "id": 52,
    "title": "qui enim et consequuntur quia animi quis voluptate quibusdam",
    "body": "iusto est quibusdam fuga quas quaerat molestias\na enim ut sit accusamus enim\ntemporibus iusto accusantium provident architecto\nsoluta esse reprehenderit qui laborum"
  },
  {
    "userId": 6,
    "id": 53,
    "title": "ut quo aut ducimus alias",
    "body": "minima harum praesentium eum rerum illo dolore\nquasi exercitationem rerum nam\nporro quis neque quo\nconsequatur minus dolor quidem veritatis sunt non explicabo similique"
  },
  {
    "userId": 6,
    "id": 54,
    "title": "sit asperiores ipsam eveniet odio non quia",
    "body": "totam corporis dignissimos\nvitae dolorem ut occaecati accusamus\nex velit deserunt\net exercitationem vero incidunt corrupti mollitia"
  },
  {
    "userId": 6,
    "id": 55,
    "title": "sit vel voluptatem et non libero",
    "body": "debitis excepturi ea perferendis harum libero optio\neos accusamus cum fuga ut sapiente repudiandae\net ut incidunt omnis molestiae\nnihil ut eum odit"
  },
  {
    "userId": 6,
    "id": 56,
    "title": "qui et at rerum necessitatibus",
    "body": "aut est omnis dolores\nneque rerum quod ea rerum velit pariatur beatae excepturi\net provident voluptas corrupti\ncorporis harum reprehenderit dolores eligendi"
  },
  {
    "userId": 6,
    "id": 57,
    "title": "sed ab est est",
    "body": "at pariatur consequuntur earum quidem\nquo est laudantium soluta voluptatem\nqui ullam et est\net cum voluptas voluptatum repellat est"
  },
  {
    "userId": 6,
    "id": 58,
    "title": "voluptatum itaque dolores nisi et quasi",
    "body": "veniam voluptatum quae adipisci id\net id quia eos ad et dolorem\naliquam quo nisi sunt eos impedit error\nad similique veniam"
  },
  {
    "userId": 6,
    "id": 59,
    "title": "qui commodi dolor at maiores et quis id accusantium",
    "body": "perspiciatis et quam ea autem temporibus non voluptatibus qui\nbeatae a earum officia nesciunt dolores suscipit voluptas et\nanimi doloribus cum rerum quas et magni\net hic ut ut commodi expedita sunt"
  },
  {
    "userId": 6,
    "id": 60,
    "title": "consequatur placeat omnis quisquam quia reprehenderit fugit veritatis facere",
    "body": "asperiores sunt ab assumenda cumque modi velit\nqui esse omnis\nvoluptate et fuga perferendis voluptas\nillo ratione amet aut et omnis"
  },
  {
    "userId": 7,
    "id": 61,
    "title": "voluptatem doloribus consectetur est ut ducimus",
    "body": "ab nemo optio odio\ndelectus tenetur corporis similique nobis repellendus rerum omnis facilis\nvero blanditiis debitis in nesciunt doloribus dicta dolores\nmagnam minus velit"
  },
  {
    "userId": 7,
    "id": 62,
    "title": "beatae enim quia vel",
    "body": "enim aspernatur illo distinctio quae praesentium\nbeatae alias amet delectus qui voluptate distinctio\nodit sint accusantium autem omnis\nquo molestiae omnis ea eveniet optio"
  },
  {
    "userId": 7,
    "id": 63,
    "title": "voluptas blanditiis repellendus animi ducimus error sapiente et suscipit",
    "body": "enim adipisci aspernatur nemo\nnumquam omnis facere dolorem dolor ex quis temporibus incidunt\nab delectus culpa quo reprehenderit blanditiis asperiores\naccusantium ut quam in voluptatibus voluptas ipsam dicta"
  },
  {
    "userId": 7,
    "id": 64,
    "title": "et fugit quas eum in in aperiam quod",
    "body": "id velit blanditiis\neum ea voluptatem\nmolestiae sint occaecati est eos perspiciatis\nincidunt a error provident eaque aut aut qui"
  },
  {
    "userId": 7,
    "id": 65,
    "title": "consequatur id enim sunt et et",
    "body": "voluptatibus ex esse\nsint explicabo est aliquid cumque adipisci fuga repellat labore\nmolestiae corrupti ex saepe at asperiores et perferendis\nnatus id esse incidunt pariatur"
  },
  {
    "userId": 7,
    "id": 66,
    "title": "repudiandae ea animi iusto",
    "body": "officia veritatis tenetur vero qui itaque\nsint non ratione\nsed et ut asperiores iusto eos molestiae nostrum\nveritatis quibusdam et nemo iusto saepe"
  },
  {
    "userId": 7,
    "id": 67,
    "title": "aliquid eos sed fuga est maxime repellendus",
    "body": "reprehenderit id nostrum\nvoluptas doloremque pariatur sint et accusantium quia quod aspernatur\net fugiat amet\nnon sapiente et consequatur necessitatibus molestiae"
  },
  {
    "userId": 7,
    "id": 68,
    "title": "odio quis facere architecto reiciendis optio",
    "body": "magnam molestiae perferendis quisquam\nqui cum reiciendis\nquaerat animi amet hic inventore\nea quia deleniti quidem saepe porro velit"
  },
  {
    "userId": 7,
    "id": 69,
    "title": "fugiat quod pariatur odit minima",
    "body": "officiis error culpa consequatur modi asperiores et\ndolorum assumenda voluptas et vel qui aut vel rerum\nvoluptatum quisquam perspiciatis quia rerum consequatur totam quas\nsequi commodi repudiandae asperiores et saepe a"
  },
  {
    "userId": 7,
    "id": 70,
    "title": "voluptatem laborum magni",
    "body": "sunt repellendus quae\nest asperiores aut deleniti esse accusamus repellendus quia aut\nquia dolorem unde\neum tempora esse dolore"
  },
  {
    "userId": 8,
    "id": 71,
    "title": "et iusto veniam et illum aut fuga",
    "body": "occaecati a doloribus\niste saepe consectetur placeat eum voluptate dolorem et\nqui quo quia voluptas\nrerum ut id enim velit est perferendis"
  },
  {
    "userId": 8,
    "id": 72,
    "title": "sint hic doloribus consequatur eos non id",
    "body": "quam occaecati qui deleniti consectetur\nconsequatur aut facere quas exercitationem aliquam hic voluptas\nneque id sunt ut aut accusamus\nsunt consectetur expedita inventore velit"
  },
  {
    "userId": 8,
    "id": 73,
    "title": "consequuntur deleniti eos quia temporibus ab aliquid at",
    "body": "voluptatem cumque tenetur consequatur expedita ipsum nemo quia explicabo\naut eum minima consequatur\ntempore cumque quae est et\net in consequuntur voluptatem voluptates aut"
  },
  {
    "userId": 8,
    "id": 74,
    "title": "enim unde ratione doloribus quas enim ut sit sapiente",
    "body": "odit qui et et necessitatibus sint veniam\nmollitia amet doloremque molestiae commodi similique magnam et quam\nblanditiis est itaque\nquo et tenetur ratione occaecati molestiae tempora"
  },
  {
    "userId": 8,
    "id": 75,
    "title": "dignissimos eum dolor ut enim et delectus in",
    "body": "commodi non non omnis et voluptas sit\nautem aut nobis magnam et sapiente voluptatem\net laborum repellat qui delectus facilis temporibus\nrerum amet et nemo voluptate expedita adipisci error dolorem"
  },
  {
    "userId": 8,
    "id": 76,
    "title": "doloremque officiis ad et non perferendis",
    "body": "ut animi facere\ntotam iusto tempore\nmolestiae eum aut et dolorem aperiam\nquaerat recusandae totam odio"
  },
  {
    "userId": 8,
    "id": 77,
    "title": "necessitatibus quasi exercitationem odio",
    "body": "modi ut in nulla repudiandae dolorum nostrum eos\naut consequatur omnis\nut incidunt est omnis iste et quam\nvoluptates sapiente aliquam asperiores nobis amet corrupti repudiandae provident"
  },
  {
    "userId": 8,
    "id": 78,
    "title": "quam voluptatibus rerum veritatis",
    "body": "nobis facilis odit tempore cupiditate quia\nassumenda doloribus rerum qui ea\nillum et qui totam\naut veniam repellendus"
  },
  {
    "userId": 8,
    "id": 79,
    "title": "pariatur consequatur quia magnam autem omnis non amet",
    "body": "libero accusantium et et facere incidunt sit dolorem\nnon excepturi qui quia sed laudantium\nquisquam molestiae ducimus est\nofficiis esse molestiae iste et quos"
  },
  {
    "userId": 8,
    "id": 80,
    "title": "labore in ex et explicabo corporis aut quas",
    "body": "ex quod dolorem ea eum iure qui provident amet\nquia qui facere excepturi et repudiandae\nasperiores molestias provident\nminus incidunt vero fugit rerum sint sunt excepturi provident"
  },
  {
    "userId": 9,
    "id": 81,
    "title": "tempora rem veritatis voluptas quo dolores vero",
    "body": "facere qui nesciunt est voluptatum voluptatem nisi\nsequi eligendi necessitatibus ea at rerum itaque\nharum non ratione velit laboriosam quis consequuntur\nex officiis minima doloremque voluptas ut aut"
  },
  {
    "userId": 9,
    "id": 82,
    "title": "laudantium voluptate suscipit sunt enim enim",
    "body": "ut libero sit aut totam inventore sunt\nporro sint qui sunt molestiae\nconsequatur cupiditate qui iste ducimus adipisci\ndolor enim assumenda soluta laboriosam amet iste delectus hic"
  },
  {
    "userId": 9,
    "id": 83,
    "title": "odit et voluptates doloribus alias odio et",
    "body": "est molestiae facilis quis tempora numquam nihil qui\nvoluptate sapiente consequatur est qui\nnecessitatibus autem aut ipsa aperiam modi dolore numquam\nreprehenderit eius rem quibusdam"
  },
  {
    "userId": 9,
    "id": 84,
    "title": "optio ipsam molestias necessitatibus occaecati facilis veritatis dolores aut",
    "body": "sint molestiae magni a et quos\neaque et quasi\nut rerum debitis similique veniam\nrecusandae dignissimos dolor incidunt consequatur odio"
  },
  {
    "userId": 9,
    "id": 85,
    "title": "dolore veritatis porro provident adipisci blanditiis et sunt",
    "body": "similique sed nisi voluptas iusto omnis\nmollitia et quo\nassumenda suscipit officia magnam sint sed tempora\nenim provident pariatur praesentium atque animi amet ratione"
  },
  {
    "userId": 9,
    "id": 86,
    "title": "placeat quia et porro iste",
    "body": "quasi excepturi consequatur iste autem temporibus sed molestiae beatae\net quaerat et esse ut\nvoluptatem occaecati et vel explicabo autem\nasperiores pariatur deserunt optio"
  },
  {
    "userId": 9,
    "id": 87,
    "title": "nostrum quis quasi placeat",
    "body": "eos et molestiae\nnesciunt ut a\ndolores perspiciatis repellendus repellat aliquid\nmagnam sint rem ipsum est"
  },
  {
    "userId": 9,
    "id": 88,
    "title": "sapiente omnis fugit eos",
    "body": "consequatur omnis est praesentium\nducimus non iste\nneque hic deserunt\nvoluptatibus veniam cum et rerum sed"
  },
  {
    "userId": 9,
    "id": 89,
    "title": "sint soluta et vel magnam aut ut sed qui",
    "body": "repellat aut aperiam totam temporibus autem et\narchitecto magnam ut\nconsequatur qui cupiditate rerum quia soluta dignissimos nihil iure\ntempore quas est"
  },
  {
    "userId": 9,
    "id": 90,
    "title": "ad iusto omnis odit dolor voluptatibus",
    "body": "minus omnis soluta quia\nqui sed adipisci voluptates illum ipsam voluptatem\neligendi officia ut in\neos soluta similique molestias praesentium blanditiis"
  },
  {
    "userId": 10,
    "id": 91,
    "title": "aut amet sed",
    "body": "libero voluptate eveniet aperiam sed\nsunt placeat suscipit molestias\nsimilique fugit nam natus\nexpedita consequatur consequatur dolores quia eos et placeat"
  },
  {
    "userId": 10,
    "id": 92,
    "title": "ratione ex tenetur perferendis",
    "body": "aut et excepturi dicta laudantium sint rerum nihil\nlaudantium et at\na neque minima officia et similique libero et\ncommodi voluptate qui"
  },
  {
    "userId": 10,
    "id": 93,
    "title": "beatae soluta recusandae",
    "body": "dolorem quibusdam ducimus consequuntur dicta aut quo laboriosam\nvoluptatem quis enim recusandae ut sed sunt\nnostrum est odit totam\nsit error sed sunt eveniet provident qui nulla"
  },
  {
    "userId": 10,
    "id": 94,
    "title": "qui qui voluptates illo iste minima",
    "body": "aspernatur expedita soluta quo ab ut similique\nexpedita dolores amet\nsed temporibus distinctio magnam saepe deleniti\nomnis facilis nam ipsum natus sint similique omnis"
  },
  {
    "userId": 10,
    "id": 95,
    "title": "id minus libero illum nam ad officiis",
    "body": "earum voluptatem facere provident blanditiis velit laboriosam\npariatur accusamus odio saepe\ncumque dolor qui a dicta ab doloribus consequatur omnis\ncorporis cupiditate eaque assumenda ad nesciunt"
  },
  {
    "userId": 10,
    "id": 96,
    "title": "quaerat velit veniam amet cupiditate aut numquam ut sequi",
    "body": "in non odio excepturi sint eum\nlabore voluptates vitae quia qui et\ninventore itaque rerum\nveniam non exercitationem delectus aut"
  },
  {
    "userId": 10,
    "id": 97,
    "title": "quas fugiat ut perspiciatis vero provident",
    "body": "eum non blanditiis soluta porro quibusdam voluptas\nvel voluptatem qui placeat dolores qui velit aut\nvel inventore aut cumque culpa explicabo aliquid at\nperspiciatis est et voluptatem dignissimos dolor itaque sit nam"
  },
  {
    "userId": 10,
    "id": 98,
    "title": "laboriosam dolor voluptates",
    "body": "doloremque ex facilis sit sint culpa\nsoluta assumenda eligendi non ut eius\nsequi ducimus vel quasi\nveritatis est dolores"
  },
  {
    "userId": 10,
    "id": 99,
    "title": "temporibus sit alias delectus eligendi possimus magni",
    "body": "quo deleniti praesentium dicta non quod\naut est molestias\nmolestias et officia quis nihil\nitaque dolorem quia"
  },
  {
    "userId": 10,
    "id": 100,
    "title": "at nam consequatur ea labore ea harum",
    "body": "cupiditate quo est a modi nesciunt soluta\nipsa voluptas error itaque dicta in\nautem qui minus magnam et distinctio eum\naccusamus ratione error aut"
  }
]

at java.base/jdk.internal.reflect.NativeConstructorAccessorImpl.newInstance0(Native Method)
at java.base/jdk.internal.reflect.NativeConstructorAccessorImpl.newInstance(NativeConstructorAccessorImpl.java:62)
at java.base/jdk.internal.reflect.DelegatingConstructorAccessorImpl.newInstance(DelegatingConstructorAccessorImpl.java:45)
at java.base/java.lang.reflect.Constructor.newInstance(Constructor.java:490)
at org.codehaus.groovy.reflection.CachedConstructor.invoke(CachedConstructor.java:72)
at org.codehaus.groovy.reflection.CachedConstructor.doConstructorInvoke(CachedConstructor.java:59)
at org.codehaus.groovy.runtime.callsite.ConstructorSite$ConstructorSiteNoUnwrap.callConstructor(ConstructorSite.java:84)
at org.codehaus.groovy.runtime.callsite.CallSiteArray.defaultCallConstructor(CallSiteArray.java:59)
at org.codehaus.groovy.runtime.callsite.AbstractCallSite.callConstructor(AbstractCallSite.java:263)
at org.codehaus.groovy.runtime.callsite.AbstractCallSite.callConstructor(AbstractCallSite.java:277)
at io.restassured.internal.ResponseSpecificationImpl$HamcrestAssertionClosure.validate(ResponseSpecificationImpl.groovy:493)
at io.restassured.internal.ResponseSpecificationImpl$HamcrestAssertionClosure$validate$1.call(Unknown Source)
at io.restassured.internal.ResponseSpecificationImpl.validateResponseIfRequired(ResponseSpecificationImpl.groovy:674)
at java.base/jdk.internal.reflect.NativeMethodAccessorImpl.invoke0(Native Method)
at java.base/jdk.internal.reflect.NativeMethodAccessorImpl.invoke(NativeMethodAccessorImpl.java:62)
at java.base/jdk.internal.reflect.DelegatingMethodAccessorImpl.invoke(DelegatingMethodAccessorImpl.java:43)
at java.base/java.lang.reflect.Method.invoke(Method.java:566)
at org.codehaus.groovy.runtime.callsite.PlainObjectMetaMethodSite.doInvoke(PlainObjectMetaMethodSite.java:43)
at org.codehaus.groovy.runtime.callsite.PogoMetaMethodSite$PogoCachedMethodSiteNoUnwrapNoCoerce.invoke(PogoMetaMethodSite.java:193)
at org.codehaus.groovy.runtime.callsite.PogoMetaMethodSite.callCurrent(PogoMetaMethodSite.java:61)
at org.codehaus.groovy.runtime.callsite.CallSiteArray.defaultCallCurrent(CallSiteArray.java:51)
at org.codehaus.groovy.runtime.callsite.AbstractCallSite.callCurrent(AbstractCallSite.java:171)
at org.codehaus.groovy.runtime.callsite.AbstractCallSite.callCurrent(AbstractCallSite.java:185)
at io.restassured.internal.ResponseSpecificationImpl.body(ResponseSpecificationImpl.groovy:98)
at io.restassured.internal.ValidatableResponseOptionsImpl.body(ValidatableResponseOptionsImpl.java:238)
at io.restassured.internal.ValidatableResponseImpl.super$2$body(ValidatableResponseImpl.groovy)
at java.base/jdk.internal.reflect.NativeMethodAccessorImpl.invoke0(Native Method)
at java.base/jdk.internal.reflect.NativeMethodAccessorImpl.invoke(NativeMethodAccessorImpl.java:62)
at java.base/jdk.internal.reflect.DelegatingMethodAccessorImpl.invoke(DelegatingMethodAccessorImpl.java:43)
at java.base/java.lang.reflect.Method.invoke(Method.java:566)
at org.codehaus.groovy.reflection.CachedMethod.invoke(CachedMethod.java:107)
at groovy.lang.MetaMethod.doMethodInvoke(MetaMethod.java:323)
at groovy.lang.MetaClassImpl.invokeMethod(MetaClassImpl.java:1262)
at org.codehaus.groovy.runtime.ScriptBytecodeAdapter.invokeMethodOnSuperN(ScriptBytecodeAdapter.java:144)
at io.restassured.internal.ValidatableResponseImpl.body(ValidatableResponseImpl.groovy:293)
at io.restassured.internal.ValidatableResponseImpl.body(ValidatableResponseImpl.groovy)
at validateJsonSchema.ValidateJsonSchema.validateJsonSchema(ValidateJsonSchema.java:26)
at java.base/jdk.internal.reflect.NativeMethodAccessorImpl.invoke0(Native Method)
at java.base/jdk.internal.reflect.NativeMethodAccessorImpl.invoke(NativeMethodAccessorImpl.java:62)
at java.base/jdk.internal.reflect.DelegatingMethodAccessorImpl.invoke(DelegatingMethodAccessorImpl.java:43)
at java.base/java.lang.reflect.Method.invoke(Method.java:566)
at org.testng.internal.MethodInvocationHelper.invokeMethod(MethodInvocationHelper.java:134)
at org.testng.internal.TestInvoker.invokeMethod(TestInvoker.java:597)
at org.testng.internal.TestInvoker.invokeTestMethod(TestInvoker.java:173)
at org.testng.internal.MethodRunner.runInSequence(MethodRunner.java:46)
at org.testng.internal.TestInvoker$MethodInvocationAgent.invoke(TestInvoker.java:816)
at org.testng.internal.TestInvoker.invokeTestMethods(TestInvoker.java:146)
at org.testng.internal.TestMethodWorker.invokeTestMethods(TestMethodWorker.java:146)
at org.testng.internal.TestMethodWorker.run(TestMethodWorker.java:128)
at java.base/java.util.ArrayList.forEach(ArrayList.java:1541)
at org.testng.TestRunner.privateRun(TestRunner.java:766)
at org.testng.TestRunner.run(TestRunner.java:587)
at org.testng.SuiteRunner.runTest(SuiteRunner.java:384)
at org.testng.SuiteRunner.runSequentially(SuiteRunner.java:378)
at org.testng.SuiteRunner.privateRun(SuiteRunner.java:337)
at org.testng.SuiteRunner.run(SuiteRunner.java:286)
at org.testng.SuiteRunnerWorker.runSuite(SuiteRunnerWorker.java:53)
at org.testng.SuiteRunnerWorker.run(SuiteRunnerWorker.java:96)
at org.testng.TestNG.runSuitesSequentially(TestNG.java:1187)
at org.testng.TestNG.runSuitesLocally(TestNG.java:1109)
at org.testng.TestNG.runSuites(TestNG.java:1039)
at org.testng.TestNG.run(TestNG.java:1007)
at org.testng.remote.AbstractRemoteTestNG.run(AbstractRemoteTestNG.java:115)
at org.testng.remote.RemoteTestNG.initAndRun(RemoteTestNG.java:251)
at org.testng.remote.RemoteTestNG.main(RemoteTestNG.java:77)
]]>
    </failure>
  </testcase> <!-- validateJsonSchema -->
</testsuite> <!-- Default test -->
