<?xml version="1.0" encoding="UTF-8"?>
<testng-results ignored="0" total="1" passed="1" failed="0" skipped="0">
  <reporter-output>
  </reporter-output>
  <suite started-at="2021-06-26T19:47:07 ICT" name="Default suite" finished-at="2021-06-26T19:47:11 ICT" duration-ms="4332">
    <groups>
    </groups>
    <test started-at="2021-06-26T19:47:07 ICT" name="Default test" finished-at="2021-06-26T19:47:11 ICT" duration-ms="4332">
      <class name="validateJsonSchema.ValidateJsonSchema">
        <test-method signature="validateJsonSchema()[pri:0, instance:validateJsonSchema.ValidateJsonSchema@740773a3]" started-at="2021-06-26T19:47:07 ICT" name="validateJsonSchema" finished-at="2021-06-26T19:47:11 ICT" duration-ms="4273" status="PASS">
          <reporter-output>
          </reporter-output>
        </test-method> <!-- validateJsonSchema -->
      </class> <!-- validateJsonSchema.ValidateJsonSchema -->
    </test> <!-- Default test -->
  </suite> <!-- Default suite -->
</testng-results>
