<?xml version="1.0" encoding="UTF-8"?>
<testng-results ignored="0" total="1" passed="1" failed="0" skipped="0">
  <reporter-output>
  </reporter-output>
  <suite started-at="2021-06-26T19:41:28 ICT" name="Default suite" finished-at="2021-06-26T19:41:31 ICT" duration-ms="3516">
    <groups>
    </groups>
    <test started-at="2021-06-26T19:41:28 ICT" name="Default test" finished-at="2021-06-26T19:41:31 ICT" duration-ms="3516">
      <class name="addNewData.AddNewData">
        <test-method signature="postRequest()[pri:0, instance:addNewData.AddNewData@31f9b85e]" started-at="2021-06-26T19:41:28 ICT" name="postRequest" finished-at="2021-06-26T19:41:31 ICT" duration-ms="3450" status="PASS">
          <reporter-output>
          </reporter-output>
        </test-method> <!-- postRequest -->
      </class> <!-- addNewData.AddNewData -->
    </test> <!-- Default test -->
  </suite> <!-- Default suite -->
</testng-results>
